<?xml version="1.0" encoding="utf-8"?>
<shfbBuild product="Sandcastle Help File Builder and Tools" version="2024.12.21.0" projectFile="C:\Users\kubaj\OneDrive\Dokumenty\KursyUWr_UP\.NET\Lista1\Ex4\SandcastleProject.shfbproj" started="11.03.2025 14:05:36">
<buildStep step="Initializing">
The Sandcastle tools are located in &#39;C:\Program Files (x86)\EWSoftware\Sandcastle Help File Builder&#39;
Locating components in the following folder(s):
    C:\Users\kubaj\OneDrive\Dokumenty\KursyUWr_UP\.NET\Lista1\Ex4
    C:\ProgramData\EWSoftware\Sandcastle Help File Builder\Components and Plug-Ins
    C:\Program Files (x86)\EWSoftware\Sandcastle Help File Builder\Components
Using framework reflection data for &#39;.NET Core/.NET Standard/.NET 5.0+&#39; located in &#39;C:\Program Files (x86)\EWSoftware\Sandcastle Help File Builder\Data\.NET&#39;
Using presentation style &#39;Default2022&#39; located in &#39;C:\Program Files (x86)\EWSoftware\Sandcastle Help File Builder\Components\Default2022&#39;
Loading and initializing plug-ins...
Website Table of Contents Generator Version 2024.12.21.0
Copyright &#169; 2006-2024, Eric Woodruff, All Rights Reserved
</buildStep>
<buildStep step="ClearWorkFolder">
Clearing working folder...
-------------------------------
Clearing any prior web/markdown output...
</buildStep>
<buildStep step="ValidatingDocumentationSources">
Validating and copying documentation source information
Source: C:\Users\kubaj\OneDrive\Dokumenty\KursyUWr_UP\.NET\Lista1\Ex4\Ex4\bin\Debug\net8.0\Ex4.dll
    Found assembly &#39;C:\Users\kubaj\OneDrive\Dokumenty\KursyUWr_UP\.NET\Lista1\Ex4\Ex4\bin\Debug\net8.0\Ex4.dll&#39;
Source: C:\Users\kubaj\OneDrive\Dokumenty\KursyUWr_UP\.NET\Lista1\Ex4\Ex4\bin\Debug\net8.0\Ex4.xml

Copying XML comments files
    C:\Users\kubaj\OneDrive\Dokumenty\KursyUWr_UP\.NET\Lista1\Ex4\Ex4\bin\Debug\net8.0\Ex4.xml -&gt; C:\Users\kubaj\OneDrive\Dokumenty\KursyUWr_UP\.NET\Lista1\Ex4\Help\Working\Ex4.xml
</buildStep>
<buildStep step="GenerateSharedContent">
Generating shared content files (en-US, Angielski (Stany Zjednoczone))...
    Last step completed in 00:00:00,0140
</buildStep>
<buildStep step="GenerateApiFilter">
Generating API filter for MRefBuilder...
    Last step completed in 00:00:00,0087
</buildStep>
<buildStep step="GenerateReflectionInfo">
Generating reflection information...
[C:\Program Files\Microsoft Visual Studio\2022\Community\MSBuild\Current\Bin\amd64\MSBuild.exe - GenerateRefInfo-9ac99cdb-7091-43fd-b96a-79bf8659d468.proj]
Kompilacja rozpocz&#196;™Ĺ‚a si&#196;™ 11.03.2025 14:05:38.

Projekt &#226;€žC:\Users\kubaj\OneDrive\Dokumenty\KursyUWr_UP\.NET\Lista1\Ex4\Help\Working\GenerateRefInfo-9ac99cdb-7091-43fd-b96a-79bf8659d468.proj&#226;€ť w w&#196;™Ĺşle 1 (domyĹ›lne elementy docelowe).
C:\Program Files\Microsoft Visual Studio\2022\Community\MSBuild\Current\Bin\amd64\Microsoft.Common.CurrentVersion.targets(1259,5): warning MSB3644: Nie znaleziono zestawĂłw odwoĹ‚aĹ„ dla elementu .NETFramework,Version=v4.8. Aby rozwi&#196;…za&#196;‡ ten problem, zainstaluj pakiet Developer Pack (SDK/Targeting Pack) dla tej wersji platformy lub zmieĹ„ platform&#196;™ docelow&#196;… aplikacji. Pakiety .NET Framework Developer Pack moĹĽna pobra&#196;‡ pod adresem https://aka.ms/msbuild/developerpacks [C:\Users\kubaj\OneDrive\Dokumenty\KursyUWr_UP\.NET\Lista1\Ex4\Help\Working\GenerateRefInfo-9ac99cdb-7091-43fd-b96a-79bf8659d468.proj]
  Poprzedni bĹ‚&#196;…d zostaĹ‚ przekonwertowany na ostrzeĹĽenie, poniewaĹĽ zadanie byĹ‚o wywoĹ‚ane przy uĹĽyciu parametru ContinueOnError=true.
  Kompilowanie jest kontynuowane, poniewaĹĽ parametr &#226;€žContinueOnError&#226;€ť w zadaniu &#226;€žGetReferenceAssemblyPaths&#226;€ť jest ustawiony na &#226;€ž!false&#226;€ť.
PrepareForBuild:
  Tworzenie katalogu &#226;€žobj\Debug\&#226;€ť.
GenerateRefInfo:
  Microsoft.Build (v17.13.9+e0f243f1e205c45b3b04097facd9948a881f9047)
  &#194;&#169; Microsoft Corporation. All rights reserved.
  No source code context base path specified.  Source context information is unavailable.
  Loaded 1 assemblies for reflection and 1 dependency assemblies.
  Using framework redirect &#39;System.Collections, Version=9.0.0.0, Culture=neutral, PublicKeyToken=b03f5f7f11d50a3a&#39; in place of &#39;System.Collections, Version=8.0.0.0, Culture=neutral, PublicKeyToken=b03f5f7f11d50a3a&#39;
  Wrote information on 1 namespaces, 4 types, and 18 members
  Merging duplicate type and member information
  Merged 0 duplicate type(s) and 0 duplicate member(s)
Kompilowanie projektu &#226;€žC:\Users\kubaj\OneDrive\Dokumenty\KursyUWr_UP\.NET\Lista1\Ex4\Help\Working\GenerateRefInfo-9ac99cdb-7091-43fd-b96a-79bf8659d468.proj&#226;€ť wykonane (domyĹ›lne elementy docelowe).
    Last step completed in 00:00:01,1385
</buildStep>
<buildStep step="ApplyDocumentModel">
Applying document model to reflection output...
    Last step completed in 00:00:00,0728
</buildStep>
<buildStep step="AddApiTopicFilenames">
Adding topic filenames to API members...
    Last step completed in 00:00:00,0323
</buildStep>
<buildStep step="GenerateApiTopicManifest">
Generating API topic manifest...
    Last step completed in 00:00:00,0271
</buildStep>
<buildStep step="GenerateNamespaceSummaries">
Generating namespace summary information...
    Last step completed in 00:00:00,0268
</buildStep>
<buildStep step="CopyAdditionalContent">
Copying additional content files...
No additional content to copy
    Last step completed in 00:00:00,0030
</buildStep>
<buildStep step="MergeTablesOfContents">
Merging conceptual and additional tables of contents...
    Last step completed in 00:00:00,0000
</buildStep>
<buildStep step="GenerateIntermediateTableOfContents">
Generating intermediate table of contents file for API content...
Generating conceptual content intermediate TOC file...
    Last step completed in 00:00:00,0423
</buildStep>
<buildStep step="CreateBuildAssemblerConfigs">
Creating Sandcastle configuration files...
    Last step completed in 00:00:00,2791
</buildStep>
<buildStep step="CombiningIntermediateTocFiles">
Combining conceptual and API intermediate TOC files...
    Last step completed in 00:00:00,0149
</buildStep>
<buildStep step="MergeCustomConfigs">
Merging custom build component configurations
C:\Users\kubaj\OneDrive\Dokumenty\KursyUWr_UP\.NET\Lista1\Ex4\Help\Working\BuildAssembler.config
  Updating reference topic configurations.
  No conceptual content.  Removing conceptual content components.
    Last step completed in 00:00:00,0250
</buildStep>
<buildStep step="BuildTopics">
Building help topics...
<plugIn name="Website Table of Contents Generator" behavior="Before" priority="1000">
Loading TOC info and adding unique IDs to parent nodes
</plugIn>Loading configuration...
Processing topics...
SHFB: Warning BE0066: ShowMissingComponent: [N:Ex4] Missing &lt;summary&gt; documentation
SHFB: Warning BE0066: ShowMissingComponent: [T:Ex4.Garden] Missing &lt;summary&gt; documentation
SHFB: Warning BE0066: ShowMissingComponent: [M:Ex4.Garden.addPlant(Ex4.Plant)] Missing &lt;param name=&quot;plant&quot;/&gt; documentation
SHFB: Warning BE0066: ShowMissingComponent: [M:Ex4.Garden.plantNeedsWater(System.String)] Missing &lt;param name=&quot;species&quot;/&gt; documentation
SHFB: Warning BE0066: ShowMissingComponent: [M:Ex4.Garden.waterSpecies(System.String)] Missing &lt;param name=&quot;species&quot;/&gt; documentation
SHFB: Warning BE0066: ShowMissingComponent: [T:Ex4.Plant] Missing &lt;summary&gt; documentation
SHFB: Warning BE0066: ShowMissingComponent: [M:Ex4.Plant.#ctor(System.String)] Missing &lt;param name=&quot;species&quot;/&gt; documentation
SHFB: Warning BE0066: ShowMissingComponent: [E:Ex4.Plant.noWater] Missing &lt;summary&gt; documentation
SHFB: Warning BE0066: ShowMissingComponent: [T:Ex4.Plant.noWaterHandler] Missing &lt;summary&gt; documentation
SHFB: Warning BE0066: ShowMissingComponent: [T:Ex4.Program] Missing &lt;summary&gt; documentation
SHFB: Warning BE0066: ShowMissingComponent: [M:Ex4.Program.Main] Missing &lt;summary&gt; documentation
Processed 28 topic(s)
11 warning(s)
CopyFromIndexComponent: &quot;reflection&quot; in-memory cache entries used: 2 of 15.
CopyFromIndexComponent: &quot;comments&quot; in-memory cache entries used: 2 of 30.
<plugIn name="Website Table of Contents Generator" behavior="After" priority="1000">
Generating TOC fragment files
</plugIn>    Last step completed in 00:00:03,9650
</buildStep>
<buildStep step="CopyStandardHelpContent">
Copying standard help content...
C:\Program Files (x86)\EWSoftware\Sandcastle Help File Builder\Components\Default2022\css\bulma.css -&gt; C:\Users\kubaj\OneDrive\Dokumenty\KursyUWr_UP\.NET\Lista1\Ex4\Help\Working\Output\Website\css\bulma.css
C:\Program Files (x86)\EWSoftware\Sandcastle Help File Builder\Components\Default2022\css\bulma.css.map -&gt; C:\Users\kubaj\OneDrive\Dokumenty\KursyUWr_UP\.NET\Lista1\Ex4\Help\Working\Output\Website\css\bulma.css.map
C:\Program Files (x86)\EWSoftware\Sandcastle Help File Builder\Components\Default2022\css\bulma.min.css -&gt; C:\Users\kubaj\OneDrive\Dokumenty\KursyUWr_UP\.NET\Lista1\Ex4\Help\Working\Output\Website\css\bulma.min.css
C:\Program Files (x86)\EWSoftware\Sandcastle Help File Builder\Components\Default2022\css\font-awesome.css -&gt; C:\Users\kubaj\OneDrive\Dokumenty\KursyUWr_UP\.NET\Lista1\Ex4\Help\Working\Output\Website\css\font-awesome.css
C:\Program Files (x86)\EWSoftware\Sandcastle Help File Builder\Components\Default2022\css\font-awesome.min.css -&gt; C:\Users\kubaj\OneDrive\Dokumenty\KursyUWr_UP\.NET\Lista1\Ex4\Help\Working\Output\Website\css\font-awesome.min.css
C:\Program Files (x86)\EWSoftware\Sandcastle Help File Builder\Components\Default2022\css\ja-JP.css -&gt; C:\Users\kubaj\OneDrive\Dokumenty\KursyUWr_UP\.NET\Lista1\Ex4\Help\Working\Output\Website\css\ja-JP.css
C:\Program Files (x86)\EWSoftware\Sandcastle Help File Builder\Components\Default2022\css\ko-KR.css -&gt; C:\Users\kubaj\OneDrive\Dokumenty\KursyUWr_UP\.NET\Lista1\Ex4\Help\Working\Output\Website\css\ko-KR.css
C:\Program Files (x86)\EWSoftware\Sandcastle Help File Builder\Components\Default2022\css\presentationStyle.css -&gt; C:\Users\kubaj\OneDrive\Dokumenty\KursyUWr_UP\.NET\Lista1\Ex4\Help\Working\Output\Website\css\presentationStyle.css
C:\Program Files (x86)\EWSoftware\Sandcastle Help File Builder\Components\Default2022\css\vs.min.css -&gt; C:\Users\kubaj\OneDrive\Dokumenty\KursyUWr_UP\.NET\Lista1\Ex4\Help\Working\Output\Website\css\vs.min.css
C:\Program Files (x86)\EWSoftware\Sandcastle Help File Builder\Components\Default2022\css\zh-CN.css -&gt; C:\Users\kubaj\OneDrive\Dokumenty\KursyUWr_UP\.NET\Lista1\Ex4\Help\Working\Output\Website\css\zh-CN.css
C:\Program Files (x86)\EWSoftware\Sandcastle Help File Builder\Components\Default2022\css\zh-TW.css -&gt; C:\Users\kubaj\OneDrive\Dokumenty\KursyUWr_UP\.NET\Lista1\Ex4\Help\Working\Output\Website\css\zh-TW.css
C:\Program Files (x86)\EWSoftware\Sandcastle Help File Builder\Components\Default2022\icons\favicon.ico -&gt; C:\Users\kubaj\OneDrive\Dokumenty\KursyUWr_UP\.NET\Lista1\Ex4\Help\Working\Output\Website\icons\favicon.ico
C:\Program Files (x86)\EWSoftware\Sandcastle Help File Builder\Components\Default2022\scripts\clipboard.min.js -&gt; C:\Users\kubaj\OneDrive\Dokumenty\KursyUWr_UP\.NET\Lista1\Ex4\Help\Working\Output\Website\scripts\clipboard.min.js
C:\Program Files (x86)\EWSoftware\Sandcastle Help File Builder\Components\Default2022\scripts\highlight.min.js -&gt; C:\Users\kubaj\OneDrive\Dokumenty\KursyUWr_UP\.NET\Lista1\Ex4\Help\Working\Output\Website\scripts\highlight.min.js
C:\Program Files (x86)\EWSoftware\Sandcastle Help File Builder\Components\Default2022\scripts\jquery-3.5.1.min.js -&gt; C:\Users\kubaj\OneDrive\Dokumenty\KursyUWr_UP\.NET\Lista1\Ex4\Help\Working\Output\Website\scripts\jquery-3.5.1.min.js
C:\Program Files (x86)\EWSoftware\Sandcastle Help File Builder\Components\Default2022\scripts\presentationStyle.js -&gt; C:\Users\kubaj\OneDrive\Dokumenty\KursyUWr_UP\.NET\Lista1\Ex4\Help\Working\Output\Website\scripts\presentationStyle.js
C:\Program Files (x86)\EWSoftware\Sandcastle Help File Builder\Components\Default2022\webfonts\fa-brands-400.ttf -&gt; C:\Users\kubaj\OneDrive\Dokumenty\KursyUWr_UP\.NET\Lista1\Ex4\Help\Working\Output\Website\webfonts\fa-brands-400.ttf
C:\Program Files (x86)\EWSoftware\Sandcastle Help File Builder\Components\Default2022\webfonts\fa-brands-400.woff2 -&gt; C:\Users\kubaj\OneDrive\Dokumenty\KursyUWr_UP\.NET\Lista1\Ex4\Help\Working\Output\Website\webfonts\fa-brands-400.woff2
C:\Program Files (x86)\EWSoftware\Sandcastle Help File Builder\Components\Default2022\webfonts\fa-regular-400.ttf -&gt; C:\Users\kubaj\OneDrive\Dokumenty\KursyUWr_UP\.NET\Lista1\Ex4\Help\Working\Output\Website\webfonts\fa-regular-400.ttf
C:\Program Files (x86)\EWSoftware\Sandcastle Help File Builder\Components\Default2022\webfonts\fa-regular-400.woff2 -&gt; C:\Users\kubaj\OneDrive\Dokumenty\KursyUWr_UP\.NET\Lista1\Ex4\Help\Working\Output\Website\webfonts\fa-regular-400.woff2
C:\Program Files (x86)\EWSoftware\Sandcastle Help File Builder\Components\Default2022\webfonts\fa-solid-900.ttf -&gt; C:\Users\kubaj\OneDrive\Dokumenty\KursyUWr_UP\.NET\Lista1\Ex4\Help\Working\Output\Website\webfonts\fa-solid-900.ttf
C:\Program Files (x86)\EWSoftware\Sandcastle Help File Builder\Components\Default2022\webfonts\fa-solid-900.woff2 -&gt; C:\Users\kubaj\OneDrive\Dokumenty\KursyUWr_UP\.NET\Lista1\Ex4\Help\Working\Output\Website\webfonts\fa-solid-900.woff2
C:\Program Files (x86)\EWSoftware\Sandcastle Help File Builder\Components\Default2022\webfonts\fa-v4compatibility.ttf -&gt; C:\Users\kubaj\OneDrive\Dokumenty\KursyUWr_UP\.NET\Lista1\Ex4\Help\Working\Output\Website\webfonts\fa-v4compatibility.ttf
C:\Program Files (x86)\EWSoftware\Sandcastle Help File Builder\Components\Default2022\webfonts\fa-v4compatibility.woff2 -&gt; C:\Users\kubaj\OneDrive\Dokumenty\KursyUWr_UP\.NET\Lista1\Ex4\Help\Working\Output\Website\webfonts\fa-v4compatibility.woff2
C:\Program Files (x86)\EWSoftware\Sandcastle Help File Builder\Components\Default2022\RootWebsiteContent\GeneralError.html -&gt; C:\Users\kubaj\OneDrive\Dokumenty\KursyUWr_UP\.NET\Lista1\Ex4\Help\Working\Output\Website\GeneralError.html
C:\Program Files (x86)\EWSoftware\Sandcastle Help File Builder\Components\Default2022\RootWebsiteContent\index.html -&gt; C:\Users\kubaj\OneDrive\Dokumenty\KursyUWr_UP\.NET\Lista1\Ex4\Help\Working\Output\Website\index.html
C:\Program Files (x86)\EWSoftware\Sandcastle Help File Builder\Components\Default2022\RootWebsiteContent\PageNotFound.html -&gt; C:\Users\kubaj\OneDrive\Dokumenty\KursyUWr_UP\.NET\Lista1\Ex4\Help\Working\Output\Website\PageNotFound.html
C:\Program Files (x86)\EWSoftware\Sandcastle Help File Builder\Components\Default2022\RootWebsiteContent\search.html -&gt; C:\Users\kubaj\OneDrive\Dokumenty\KursyUWr_UP\.NET\Lista1\Ex4\Help\Working\Output\Website\search.html
C:\Program Files (x86)\EWSoftware\Sandcastle Help File Builder\Components\Default2022\RootWebsiteContent\SearchHelp.aspx -&gt; C:\Users\kubaj\OneDrive\Dokumenty\KursyUWr_UP\.NET\Lista1\Ex4\Help\Working\Output\Website\SearchHelp.aspx
C:\Program Files (x86)\EWSoftware\Sandcastle Help File Builder\Components\Default2022\RootWebsiteContent\SearchHelp.inc.php -&gt; C:\Users\kubaj\OneDrive\Dokumenty\KursyUWr_UP\.NET\Lista1\Ex4\Help\Working\Output\Website\SearchHelp.inc.php
C:\Program Files (x86)\EWSoftware\Sandcastle Help File Builder\Components\Default2022\RootWebsiteContent\SearchHelp.php -&gt; C:\Users\kubaj\OneDrive\Dokumenty\KursyUWr_UP\.NET\Lista1\Ex4\Help\Working\Output\Website\SearchHelp.php
C:\Program Files (x86)\EWSoftware\Sandcastle Help File Builder\Components\Default2022\RootWebsiteContent\Web.Config -&gt; C:\Users\kubaj\OneDrive\Dokumenty\KursyUWr_UP\.NET\Lista1\Ex4\Help\Working\Output\Website\Web.Config
    Last step completed in 00:00:00,2374
</buildStep>
<buildStep step="GenerateFullTextIndex">
Generating full-text index for the website...

    Last step completed in 00:00:00,2496
</buildStep>
<buildStep step="CopyingWebsiteFiles">
Copying website files to output folder...

Copied 94 files for the website content
    Last step completed in 00:00:00,1484
</buildStep>
<buildStep step="CleanIntermediates">
Removing intermediate files...
    Last step completed in 00:00:00,0380
</buildStep>
<buildStep step="Completed">

Build completed successfully at 11.03.2025 14:05:44.  Total time: 00:00:07,0849

</buildStep>
</shfbBuild>
